<?xml version="1.0" encoding="UTF-8"?>
<!-- Generated by org.testng.reporters.JUnitXMLReporter -->
<testsuite ignored="1" hostname="DESKTOP-SBPSD0C" failures="0" tests="2" name="Default test" time="2.558" errors="0" timestamp="2023-11-29T18:58:25 EET">
  <testcase classname="loginProcess.ValidLoginTestCases" name="loginTestUsingStandardUser" time="0.549"/>
  <testcase classname="loginProcess.ValidLoginTestCases" name="PrintNamesOfTheItems" time="0.762"/>
  <testcase classname="loginProcess.ValidLoginTestCases" name="AddToCart" time="0.0">
    <ignored/>
  </testcase> <!-- AddToCart -->
</testsuite> <!-- Default test -->
